Using pre-set license
Built from '2021.3/release' branch; Version is '2021.3.12f1 (8af3c3e441b1) revision 9106371'; Using compiler version '192829333'; Build Type 'Release'
OS: 'Windows 10  (10.0.19045) 64bit Professional' Language: 'ru' Physical Memory: 16319 MB
BatchMode: 1, IsHumanControllingUs: 0, StartBugReporterOnCrash: 0, Is64bit: 1, IsPro: 1

COMMAND LINE ARGUMENTS:
C:\Program Files\Unity\Hub\Editor\2021.3.12f1\Editor\Unity.exe
-adb2
-batchMode
-noUpm
-name
AssetImportWorker2
-projectPath
D:/folder/CSharp/Unity/RunningUnicorn
-logFile
Logs/AssetImportWorker2.log
-srvPort
64877
Successfully changed project path to: D:/folder/CSharp/Unity/RunningUnicorn
D:/folder/CSharp/Unity/RunningUnicorn
[UnityMemory] Configuration Parameters - Can be set up in boot.config
    "memorysetup-bucket-allocator-granularity=16"
    "memorysetup-bucket-allocator-bucket-count=8"
    "memorysetup-bucket-allocator-block-size=33554432"
    "memorysetup-bucket-allocator-block-count=8"
    "memorysetup-main-allocator-block-size=16777216"
    "memorysetup-thread-allocator-block-size=16777216"
    "memorysetup-gfx-main-allocator-block-size=16777216"
    "memorysetup-gfx-thread-allocator-block-size=16777216"
    "memorysetup-cache-allocator-block-size=4194304"
    "memorysetup-typetree-allocator-block-size=2097152"
    "memorysetup-profiler-bucket-allocator-granularity=16"
    "memorysetup-profiler-bucket-allocator-bucket-count=8"
    "memorysetup-profiler-bucket-allocator-block-size=33554432"
    "memorysetup-profiler-bucket-allocator-block-count=8"
    "memorysetup-profiler-allocator-block-size=16777216"
    "memorysetup-profiler-editor-allocator-block-size=1048576"
    "memorysetup-temp-allocator-size-main=16777216"
    "memorysetup-job-temp-allocator-block-size=2097152"
    "memorysetup-job-temp-allocator-block-size-background=1048576"
    "memorysetup-job-temp-allocator-reduction-small-platforms=262144"
    "memorysetup-temp-allocator-size-background-worker=32768"
    "memorysetup-temp-allocator-size-job-worker=262144"
    "memorysetup-temp-allocator-size-preload-manager=33554432"
    "memorysetup-temp-allocator-size-nav-mesh-worker=65536"
    "memorysetup-temp-allocator-size-audio-worker=65536"
    "memorysetup-temp-allocator-size-cloud-worker=32768"
    "memorysetup-temp-allocator-size-gi-baking-worker=262144"
    "memorysetup-temp-allocator-size-gfx=262144"
Refreshing native plugins compatible for Editor in 125.97 ms, found 4 plugins.
Preloading 0 native plugins for Editor in 0.00 ms.
Initialize engine version: 2021.3.12f1 (8af3c3e441b1)
[Subsystems] Discovering subsystems at path C:/Program Files/Unity/Hub/Editor/2021.3.12f1/Editor/Data/Resources/UnitySubsystems
[Subsystems] Discovering subsystems at path D:/folder/CSharp/Unity/RunningUnicorn/Assets
GfxDevice: creating device client; threaded=0; jobified=0
Direct3D:
    Version:  Direct3D 11.0 [level 11.1]
    Renderer: NVIDIA GeForce GTX 1660 SUPER (ID=0x21c4)
    Vendor:   NVIDIA
    VRAM:     5980 MB
    Driver:   31.0.15.3179
Initialize mono
Mono path[0] = 'C:/Program Files/Unity/Hub/Editor/2021.3.12f1/Editor/Data/Managed'
Mono path[1] = 'C:/Program Files/Unity/Hub/Editor/2021.3.12f1/Editor/Data/MonoBleedingEdge/lib/mono/unityjit-win32'
Mono config path = 'C:/Program Files/Unity/Hub/Editor/2021.3.12f1/Editor/Data/MonoBleedingEdge/etc'
Using monoOptions --debugger-agent=transport=dt_socket,embedding=1,server=y,suspend=n,address=127.0.0.1:56528
Begin MonoManager ReloadAssembly
Registering precompiled unity dll's ...
Register platform support module: C:/Program Files/Unity/Hub/Editor/2021.3.12f1/Editor/Data/PlaybackEngines/AndroidPlayer/UnityEditor.Android.Extensions.dll
Register platform support module: C:/Program Files/Unity/Hub/Editor/2021.3.12f1/Editor/Data/PlaybackEngines/WindowsStandaloneSupport/UnityEditor.WindowsStandalone.Extensions.dll
Registered in 0.006855 seconds.
Native extension for WindowsStandalone target not found
Native extension for Android target not found
Refreshing native plugins compatible for Editor in 140.94 ms, found 4 plugins.
Preloading 0 native plugins for Editor in 0.00 ms.
Mono: successfully reloaded assembly
- Completed reload, in  0.738 seconds
Domain Reload Profiling:
	ReloadAssembly (738ms)
		BeginReloadAssembly (67ms)
			ExecutionOrderSort (0ms)
			DisableScriptedObjects (0ms)
			BackupInstance (0ms)
			ReleaseScriptingObjects (0ms)
			CreateAndSetChildDomain (1ms)
		EndReloadAssembly (561ms)
			LoadAssemblies (66ms)
			RebuildTransferFunctionScriptingTraits (0ms)
			SetupTypeCache (132ms)
			ReleaseScriptCaches (0ms)
			RebuildScriptCaches (27ms)
			SetupLoadedEditorAssemblies (352ms)
				LogAssemblyErrors (0ms)
				InitializePlatformSupportModulesInManaged (72ms)
				SetLoadedEditorAssemblies (0ms)
				RefreshPlugins (141ms)
				BeforeProcessingInitializeOnLoad (1ms)
				ProcessInitializeOnLoadAttributes (95ms)
				ProcessInitializeOnLoadMethodAttributes (43ms)
				AfterProcessingInitializeOnLoad (0ms)
				EditorAssembliesLoaded (0ms)
			ExecutionOrderSort2 (0ms)
			AwakeInstancesAfterBackupRestoration (0ms)
Platform modules already initialized, skipping
Registering precompiled user dll's ...
Registered in 0.004050 seconds.
Begin MonoManager ReloadAssembly
Symbol file LoadedFromMemory doesn't match image D:\folder\CSharp\Unity\RunningUnicorn\Library\PackageCache\com.unity.visualscripting@1.7.8\Editor\VisualScripting.Core\Dependencies\YamlDotNet\Unity.VisualScripting.YamlDotNet.dll
Symbol file LoadedFromMemory doesn't match image D:\folder\CSharp\Unity\RunningUnicorn\Library\PackageCache\com.unity.visualscripting@1.7.8\Editor\VisualScripting.Core\Dependencies\DotNetZip\Unity.VisualScripting.IonicZip.dll
Native extension for WindowsStandalone target not found
Native extension for Android target not found
Refreshing native plugins compatible for Editor in 124.31 ms, found 4 plugins.
Preloading 0 native plugins for Editor in 0.00 ms.
Mono: successfully reloaded assembly
- Completed reload, in  1.301 seconds
Domain Reload Profiling:
	ReloadAssembly (1301ms)
		BeginReloadAssembly (199ms)
			ExecutionOrderSort (0ms)
			DisableScriptedObjects (5ms)
			BackupInstance (0ms)
			ReleaseScriptingObjects (0ms)
			CreateAndSetChildDomain (124ms)
		EndReloadAssembly (1003ms)
			LoadAssemblies (70ms)
			RebuildTransferFunctionScriptingTraits (0ms)
			SetupTypeCache (246ms)
			ReleaseScriptCaches (1ms)
			RebuildScriptCaches (66ms)
			SetupLoadedEditorAssemblies (582ms)
				LogAssemblyErrors (0ms)
				InitializePlatformSupportModulesInManaged (11ms)
				SetLoadedEditorAssemblies (0ms)
				RefreshPlugins (124ms)
				BeforeProcessingInitializeOnLoad (117ms)
				ProcessInitializeOnLoadAttributes (238ms)
				ProcessInitializeOnLoadMethodAttributes (86ms)
				AfterProcessingInitializeOnLoad (6ms)
				EditorAssembliesLoaded (0ms)
			ExecutionOrderSort2 (0ms)
			AwakeInstancesAfterBackupRestoration (4ms)
Platform modules already initialized, skipping
========================================================================
Worker process is ready to serve import requests
Launched and connected shader compiler UnityShaderCompiler.exe after 0.03 seconds
Refreshing native plugins compatible for Editor in 0.95 ms, found 4 plugins.
Preloading 0 native plugins for Editor in 0.00 ms.
Unloading 5917 Unused Serialized files (Serialized files now loaded: 0)
Unloading 71 unused Assets / (2.2 MB). Loaded Objects now: 6355.
Memory consumption went from 237.7 MB to 235.5 MB.
Total: 4.859800 ms (FindLiveObjects: 0.475700 ms CreateObjectMapping: 0.634700 ms MarkObjects: 2.799900 ms  DeleteObjects: 0.948500 ms)

AssetImportParameters requested are different than current active one (requested -> active):
  custom:video-decoder-ogg-theora: a1e56fd34408186e4bbccfd4996cb3dc -> 
  custom:container-muxer-webm: aa71ff27fc2769a1b78a27578f13a17b -> 
  custom:container-demuxer-webm: 4f35f7cbe854078d1ac9338744f61a02 -> 
  custom:video-encoder-webm-vp8: eb34c28f22e8b96e1ab97ce403110664 -> 
  custom:video-codec-MediaFoundation-h265: e54d7ab0439102e2317fc1e4b246158d -> 
  custom:audio-encoder-webm-vorbis: bf7c407c2cedff20999df2af8eb42d56 -> 
  custom:framework-win-MediaFoundation: 216162199b28c13a410421893ffa2e32 -> 
  custom:container-demuxer-ogg: 62fdf1f143b41e24485cea50d1cbac27 -> 
  custom:video-decoder-webm-vp8: 9c59270c3fd7afecdb556c50c9e8de78 -> 
  custom:audio-decoder-ogg-vorbis: bf7c407c2cedff20999df2af8eb42d56 -> 
========================================================================
Received Import Request.
  Time since last request: 245631.051577 seconds.
  path: Assets/TestGame/VFX/Explosion.prefab
  artifactKey: Guid(eb44d5d4b9e8737468bd5053c439faf9) Importer(815301076,1909f56bfc062723c751e8b465ee728b)
Start importing Assets/TestGame/VFX/Explosion.prefab using Guid(eb44d5d4b9e8737468bd5053c439faf9) Importer(815301076,1909f56bfc062723c751e8b465ee728b)  -> (artifact id: 'a4015c21bed0a4dcd2e267d516b82a3e') in 0.427355 seconds 
========================================================================
Received Import Request.
  Time since last request: 3.201900 seconds.
  path: Assets/TestGame/Sprites/arm_1.png
  artifactKey: Guid(bf4263b6122fcee4eaf48fcfafc53676) Importer(815301076,1909f56bfc062723c751e8b465ee728b)
Start importing Assets/TestGame/Sprites/arm_1.png using Guid(bf4263b6122fcee4eaf48fcfafc53676) Importer(815301076,1909f56bfc062723c751e8b465ee728b)  -> (artifact id: 'fff72cbc11f16415bec167f0b0553536') in 0.120020 seconds 
========================================================================
Received Import Request.
  Time since last request: 0.000030 seconds.
  path: Assets/TestGame/Sprites/moon.png
  artifactKey: Guid(1f336bb32fd45684eada064b67574f60) Importer(815301076,1909f56bfc062723c751e8b465ee728b)
Start importing Assets/TestGame/Sprites/moon.png using Guid(1f336bb32fd45684eada064b67574f60) Importer(815301076,1909f56bfc062723c751e8b465ee728b)  -> (artifact id: '7cf93df481c1dcb775c81e4ba319285b') in 0.031676 seconds 
========================================================================
Received Import Request.
  Time since last request: 0.000035 seconds.
  path: Assets/TestGame/Sprites/cloud_3.png
  artifactKey: Guid(20b97524737e7404fa1f4d06467635ce) Importer(815301076,1909f56bfc062723c751e8b465ee728b)
Start importing Assets/TestGame/Sprites/cloud_3.png using Guid(20b97524737e7404fa1f4d06467635ce) Importer(815301076,1909f56bfc062723c751e8b465ee728b)  -> (artifact id: '555fb809407641abb5f042d1fd961f8c') in 0.032017 seconds 
========================================================================
Received Import Request.
  Time since last request: 0.000022 seconds.
  path: Assets/TestGame/Sprites/tree_2.png
  artifactKey: Guid(9c8c8c2c0490d3a41bb5e404a89d3e27) Importer(815301076,1909f56bfc062723c751e8b465ee728b)
Start importing Assets/TestGame/Sprites/tree_2.png using Guid(9c8c8c2c0490d3a41bb5e404a89d3e27) Importer(815301076,1909f56bfc062723c751e8b465ee728b)  -> (artifact id: '66f87d38b66ed4fd472a09b1640026ff') in 0.051101 seconds 
========================================================================
Received Import Request.
  Time since last request: 0.000023 seconds.
  path: Assets/TestGame/Sprites/fog_3.png
  artifactKey: Guid(c1d6cb64c7e1a4148947be2831a47ba0) Importer(815301076,1909f56bfc062723c751e8b465ee728b)
Start importing Assets/TestGame/Sprites/fog_3.png using Guid(c1d6cb64c7e1a4148947be2831a47ba0) Importer(815301076,1909f56bfc062723c751e8b465ee728b)  -> (artifact id: '4de06ffe98e5eb4eeb004bd357977fdb') in 0.036024 seconds 
========================================================================
Received Import Request.
  Time since last request: 0.000029 seconds.
  path: Assets/TestGame/Sprites/grave_5.png
  artifactKey: Guid(d4351147461efb641b01ba49af7cfb69) Importer(815301076,1909f56bfc062723c751e8b465ee728b)
Start importing Assets/TestGame/Sprites/grave_5.png using Guid(d4351147461efb641b01ba49af7cfb69) Importer(815301076,1909f56bfc062723c751e8b465ee728b)  -> (artifact id: '00f86969c95bdefd8cc09f83716a0ce7') in 0.026206 seconds 
========================================================================
Received Import Request.
  Time since last request: 0.000027 seconds.
  path: Assets/TestGame/Sprites/pumpkin_1.png
  artifactKey: Guid(6387345a882ac6742ba9535f80ded1a2) Importer(815301076,1909f56bfc062723c751e8b465ee728b)
Start importing Assets/TestGame/Sprites/pumpkin_1.png using Guid(6387345a882ac6742ba9535f80ded1a2) Importer(815301076,1909f56bfc062723c751e8b465ee728b)  -> (artifact id: 'c9bf9dd9b3477504cdf2d631232f6314') in 0.027328 seconds 
========================================================================
Received Import Request.
  Time since last request: 0.000035 seconds.
  path: Assets/TestGame/Sprites/grave_1.png
  artifactKey: Guid(16420f93409eabd448d9f911d67bddae) Importer(815301076,1909f56bfc062723c751e8b465ee728b)
Start importing Assets/TestGame/Sprites/grave_1.png using Guid(16420f93409eabd448d9f911d67bddae) Importer(815301076,1909f56bfc062723c751e8b465ee728b)  -> (artifact id: '5a8dd1cc0bce29dc6487e8a4a8c84559') in 0.035522 seconds 
========================================================================
Received Import Request.
  Time since last request: 0.000044 seconds.
  path: Assets/TestGame/Sprites/bush_1.png
  artifactKey: Guid(9c716e139998f4044b55cb75d45a87fe) Importer(815301076,1909f56bfc062723c751e8b465ee728b)
Start importing Assets/TestGame/Sprites/bush_1.png using Guid(9c716e139998f4044b55cb75d45a87fe) Importer(815301076,1909f56bfc062723c751e8b465ee728b)  -> (artifact id: '824064b915962616cca87e08d1f1eb78') in 0.027892 seconds 
========================================================================
Received Import Request.
  Time since last request: 0.000032 seconds.
  path: Assets/TestGame/Sprites/fog_2.png
  artifactKey: Guid(a470beaf85e5f3447b28037227813889) Importer(815301076,1909f56bfc062723c751e8b465ee728b)
Start importing Assets/TestGame/Sprites/fog_2.png using Guid(a470beaf85e5f3447b28037227813889) Importer(815301076,1909f56bfc062723c751e8b465ee728b)  -> (artifact id: 'f9c44847f8a7f4cd6504b6fc47a22d3f') in 0.048128 seconds 
========================================================================
Received Import Request.
  Time since last request: 0.000023 seconds.
  path: Assets/TestGame/Sprites/fog_1.png
  artifactKey: Guid(03714e6742b64c74fbfdfe0ed0c30c1f) Importer(815301076,1909f56bfc062723c751e8b465ee728b)
Start importing Assets/TestGame/Sprites/fog_1.png using Guid(03714e6742b64c74fbfdfe0ed0c30c1f) Importer(815301076,1909f56bfc062723c751e8b465ee728b)  -> (artifact id: 'cc3b47b212f8d454ba325224884b2eb0') in 0.026940 seconds 
========================================================================
Received Import Request.
  Time since last request: 0.000026 seconds.
  path: Assets/TestGame/Sprites/pattern.png
  artifactKey: Guid(8d2ecf3c4307d5f48bf924fedebd13f4) Importer(815301076,1909f56bfc062723c751e8b465ee728b)
Start importing Assets/TestGame/Sprites/pattern.png using Guid(8d2ecf3c4307d5f48bf924fedebd13f4) Importer(815301076,1909f56bfc062723c751e8b465ee728b)  -> (artifact id: 'b24b218fd24657b569febe0f779c4ae1') in 0.030517 seconds 
========================================================================
Received Import Request.
  Time since last request: 0.000031 seconds.
  path: Assets/TestGame/Sprites/stones.png
  artifactKey: Guid(0ab7c00ba7795f54694de19d33be263f) Importer(815301076,1909f56bfc062723c751e8b465ee728b)
Start importing Assets/TestGame/Sprites/stones.png using Guid(0ab7c00ba7795f54694de19d33be263f) Importer(815301076,1909f56bfc062723c751e8b465ee728b)  -> (artifact id: '497790d5672b3477d7f98766d420f394') in 0.044723 seconds 
========================================================================
Received Import Request.
  Time since last request: 0.000027 seconds.
  path: Assets/TestGame/Sprites/pumpkin_2.png
  artifactKey: Guid(a4b58058a9602df40b38e25bcdb42ff8) Importer(815301076,1909f56bfc062723c751e8b465ee728b)
Start importing Assets/TestGame/Sprites/pumpkin_2.png using Guid(a4b58058a9602df40b38e25bcdb42ff8) Importer(815301076,1909f56bfc062723c751e8b465ee728b)  -> (artifact id: 'f06219b5294df1d8e543de50df85aaab') in 0.019829 seconds 
========================================================================
Received Import Request.
  Time since last request: 0.000031 seconds.
  path: Assets/TestGame/Sprites/grass_decor_2.png
  artifactKey: Guid(5047cf97294c77948bb57be958f14b59) Importer(815301076,1909f56bfc062723c751e8b465ee728b)
Start importing Assets/TestGame/Sprites/grass_decor_2.png using Guid(5047cf97294c77948bb57be958f14b59) Importer(815301076,1909f56bfc062723c751e8b465ee728b)  -> (artifact id: 'f2d49ac2cd8ad38253c598c8614618cc') in 0.017689 seconds 
========================================================================
Received Import Request.
  Time since last request: 0.000026 seconds.
  path: Assets/TestGame/Sprites/grave_6.png
  artifactKey: Guid(3b11931e8b8bf8c49abe3ac15f891fa0) Importer(815301076,1909f56bfc062723c751e8b465ee728b)
Start importing Assets/TestGame/Sprites/grave_6.png using Guid(3b11931e8b8bf8c49abe3ac15f891fa0) Importer(815301076,1909f56bfc062723c751e8b465ee728b)  -> (artifact id: '58a576e9d8b32e74ccf5559b62655ee6') in 0.021881 seconds 
========================================================================
Received Import Request.
  Time since last request: 0.000023 seconds.
  path: Assets/TestGame/Sprites/grass_decor_3.png
  artifactKey: Guid(6f16dc30bb9eb02448c129ce8ba09fa7) Importer(815301076,1909f56bfc062723c751e8b465ee728b)
Start importing Assets/TestGame/Sprites/grass_decor_3.png using Guid(6f16dc30bb9eb02448c129ce8ba09fa7) Importer(815301076,1909f56bfc062723c751e8b465ee728b)  -> (artifact id: '1ceb87339e26ca86982732976bc5e717') in 0.018560 seconds 
========================================================================
Received Import Request.
  Time since last request: 0.000031 seconds.
  path: Assets/TestGame/Sprites/grave_3.png
  artifactKey: Guid(063fa55ba35b66645ab9f0b921616863) Importer(815301076,1909f56bfc062723c751e8b465ee728b)
Start importing Assets/TestGame/Sprites/grave_3.png using Guid(063fa55ba35b66645ab9f0b921616863) Importer(815301076,1909f56bfc062723c751e8b465ee728b)  -> (artifact id: '22861b28fea0d86eb597272158f2469e') in 0.023009 seconds 
========================================================================
Received Import Request.
  Time since last request: 0.000023 seconds.
  path: Assets/TestGame/Sprites/cloud_4.png
  artifactKey: Guid(faeafa900ea96b64e98e5d8b79a2e9bb) Importer(815301076,1909f56bfc062723c751e8b465ee728b)
Start importing Assets/TestGame/Sprites/cloud_4.png using Guid(faeafa900ea96b64e98e5d8b79a2e9bb) Importer(815301076,1909f56bfc062723c751e8b465ee728b)  -> (artifact id: '14d45fd1f892c9e6f892aacf46aa8b0c') in 0.018638 seconds 
========================================================================
Received Import Request.
  Time since last request: 0.000023 seconds.
  path: Assets/TestGame/Sprites/grave_2.png
  artifactKey: Guid(21ebe543b39fcb14ca45b85db9ad7de2) Importer(815301076,1909f56bfc062723c751e8b465ee728b)
Start importing Assets/TestGame/Sprites/grave_2.png using Guid(21ebe543b39fcb14ca45b85db9ad7de2) Importer(815301076,1909f56bfc062723c751e8b465ee728b)  -> (artifact id: 'd96a6883ef83ce44100eff09d88cb352') in 0.019639 seconds 
========================================================================
Received Import Request.
  Time since last request: 0.000025 seconds.
  path: Assets/TestGame/Sprites/fog_5.png
  artifactKey: Guid(77717d78c90fd9046a5b6079051ec5b2) Importer(815301076,1909f56bfc062723c751e8b465ee728b)
Start importing Assets/TestGame/Sprites/fog_5.png using Guid(77717d78c90fd9046a5b6079051ec5b2) Importer(815301076,1909f56bfc062723c751e8b465ee728b)  -> (artifact id: 'dec1ce1eb52e0ff4704f269d2f122c2f') in 0.026451 seconds 
========================================================================
Received Import Request.
  Time since last request: 0.000038 seconds.
  path: Assets/TestGame/Sprites/fog.png
  artifactKey: Guid(51bbb5ccefac8204ebf3092c63fcd92f) Importer(815301076,1909f56bfc062723c751e8b465ee728b)
Start importing Assets/TestGame/Sprites/fog.png using Guid(51bbb5ccefac8204ebf3092c63fcd92f) Importer(815301076,1909f56bfc062723c751e8b465ee728b)  -> (artifact id: 'f9fc831e2f06755916c99a4d028c97ae') in 0.051909 seconds 
========================================================================
Received Import Request.
  Time since last request: 0.000036 seconds.
  path: Assets/TestGame/Sprites/pumpkins_losa_2.png
  artifactKey: Guid(d5bff19371379ae499658521af3e75b9) Importer(815301076,1909f56bfc062723c751e8b465ee728b)
Start importing Assets/TestGame/Sprites/pumpkins_losa_2.png using Guid(d5bff19371379ae499658521af3e75b9) Importer(815301076,1909f56bfc062723c751e8b465ee728b)  -> (artifact id: 'd77ac6ba48eacb1e043cc0769a35bf52') in 0.024834 seconds 
========================================================================
Received Import Request.
  Time since last request: 0.000029 seconds.
  path: Assets/TestGame/Sprites/sky.png
  artifactKey: Guid(b13114df10cc1034aadc8f0a4297397d) Importer(815301076,1909f56bfc062723c751e8b465ee728b)
Start importing Assets/TestGame/Sprites/sky.png using Guid(b13114df10cc1034aadc8f0a4297397d) Importer(815301076,1909f56bfc062723c751e8b465ee728b)  -> (artifact id: 'f2c6c6eedefb270553accd8613c0b229') in 0.020476 seconds 
========================================================================
Received Import Request.
  Time since last request: 0.000025 seconds.
  path: Assets/TestGame/Sprites/back_bush.png
  artifactKey: Guid(9d4625eccc1be3d4f830349ed4401bcb) Importer(815301076,1909f56bfc062723c751e8b465ee728b)
Start importing Assets/TestGame/Sprites/back_bush.png using Guid(9d4625eccc1be3d4f830349ed4401bcb) Importer(815301076,1909f56bfc062723c751e8b465ee728b)  -> (artifact id: 'c6f23a4f2a28638190e5441cf52cf86e') in 0.023299 seconds 
========================================================================
Received Import Request.
  Time since last request: 0.000030 seconds.
  path: Assets/TestGame/Sprites/fence_1.png
  artifactKey: Guid(4248435d716da044789044093c70065b) Importer(815301076,1909f56bfc062723c751e8b465ee728b)
Start importing Assets/TestGame/Sprites/fence_1.png using Guid(4248435d716da044789044093c70065b) Importer(815301076,1909f56bfc062723c751e8b465ee728b)  -> (artifact id: 'c113702dbeafe7dfb364e9e57bd3a556') in 0.021660 seconds 
========================================================================
Received Import Request.
  Time since last request: 0.000027 seconds.
  path: Assets/TestGame/Sprites/flashlight 1.png
  artifactKey: Guid(389fc2f61637cb841a906cf50af3312c) Importer(815301076,1909f56bfc062723c751e8b465ee728b)
Start importing Assets/TestGame/Sprites/flashlight 1.png using Guid(389fc2f61637cb841a906cf50af3312c) Importer(815301076,1909f56bfc062723c751e8b465ee728b)  -> (artifact id: '2b5da9cee78ae2a35820c346c5a45394') in 0.019357 seconds 
========================================================================
Received Import Request.
  Time since last request: 0.000034 seconds.
  path: Assets/TestGame/Sprites/pumpkin_3.png
  artifactKey: Guid(10e238e560728054fa39b658ce76853c) Importer(815301076,1909f56bfc062723c751e8b465ee728b)
Start importing Assets/TestGame/Sprites/pumpkin_3.png using Guid(10e238e560728054fa39b658ce76853c) Importer(815301076,1909f56bfc062723c751e8b465ee728b)  -> (artifact id: '6e7a3a0290d6293fb53b13b16c9dc24d') in 0.021051 seconds 
========================================================================
Received Import Request.
  Time since last request: 0.000021 seconds.
  path: Assets/TestGame/Sprites/moon2.png
  artifactKey: Guid(a680c551a3447924cbb6ee5e5cc41cd9) Importer(815301076,1909f56bfc062723c751e8b465ee728b)
Start importing Assets/TestGame/Sprites/moon2.png using Guid(a680c551a3447924cbb6ee5e5cc41cd9) Importer(815301076,1909f56bfc062723c751e8b465ee728b)  -> (artifact id: 'c62f229b2d8088488412ce9b60ada93e') in 0.027439 seconds 
========================================================================
Received Import Request.
  Time since last request: 2.617964 seconds.
  path: Assets/TestGame/Characters/Enemy.prefab
  artifactKey: Guid(7fd8bbff58a75a744bfaddc1ecdad5a1) Importer(815301076,1909f56bfc062723c751e8b465ee728b)
Start importing Assets/TestGame/Characters/Enemy.prefab using Guid(7fd8bbff58a75a744bfaddc1ecdad5a1) Importer(815301076,1909f56bfc062723c751e8b465ee728b)  -> (artifact id: '8f29a26e3999dc18b297702eb6396c7d') in 0.269677 seconds 
========================================================================
Received Import Request.
  Time since last request: 3.294573 seconds.
  path: Assets/TestGame/VFX/Materials/Misc/Liquid/splat02_animated_3x3_AB.mat
  artifactKey: Guid(f7c5949bd4fc39b4da8b55816f159297) Importer(815301076,1909f56bfc062723c751e8b465ee728b)
Start importing Assets/TestGame/VFX/Materials/Misc/Liquid/splat02_animated_3x3_AB.mat using Guid(f7c5949bd4fc39b4da8b55816f159297) Importer(815301076,1909f56bfc062723c751e8b465ee728b)  -> (artifact id: '88f05b434ed3a93194f56f6b6234979c') in 0.040193 seconds 
========================================================================
Received Import Request.
  Time since last request: 6.883292 seconds.
  path: Assets/TestGame/Characters/Enemy.prefab
  artifactKey: Guid(7fd8bbff58a75a744bfaddc1ecdad5a1) Importer(815301076,1909f56bfc062723c751e8b465ee728b)
Start importing Assets/TestGame/Characters/Enemy.prefab using Guid(7fd8bbff58a75a744bfaddc1ecdad5a1) Importer(815301076,1909f56bfc062723c751e8b465ee728b)  -> (artifact id: 'b0e37646437e0adb03fcb79c84b15582') in 0.028302 seconds 
========================================================================
Received Import Request.
  Time since last request: 14.439961 seconds.
  path: Assets/TestGame/Characters/Enemy.prefab
  artifactKey: Guid(7fd8bbff58a75a744bfaddc1ecdad5a1) Importer(815301076,1909f56bfc062723c751e8b465ee728b)
Start importing Assets/TestGame/Characters/Enemy.prefab using Guid(7fd8bbff58a75a744bfaddc1ecdad5a1) Importer(815301076,1909f56bfc062723c751e8b465ee728b)  -> (artifact id: '84090dae704700bb7b335597dc6494dd') in 0.044647 seconds 
========================================================================
Received Import Request.
  Time since last request: 19.332297 seconds.
  path: Assets/TestGame/Characters/Enemy.prefab
  artifactKey: Guid(7fd8bbff58a75a744bfaddc1ecdad5a1) Importer(815301076,1909f56bfc062723c751e8b465ee728b)
Start importing Assets/TestGame/Characters/Enemy.prefab using Guid(7fd8bbff58a75a744bfaddc1ecdad5a1) Importer(815301076,1909f56bfc062723c751e8b465ee728b)  -> (artifact id: 'eb3b91335fca78a330340b2f05978f19') in 0.027030 seconds 
========================================================================
Received Import Request.
  Time since last request: 1.895626 seconds.
  path: Assets/TestGame/Characters/Enemy.prefab
  artifactKey: Guid(7fd8bbff58a75a744bfaddc1ecdad5a1) Importer(815301076,1909f56bfc062723c751e8b465ee728b)
Start importing Assets/TestGame/Characters/Enemy.prefab using Guid(7fd8bbff58a75a744bfaddc1ecdad5a1) Importer(815301076,1909f56bfc062723c751e8b465ee728b)  -> (artifact id: 'cf690536e0910c28ddfbc4181b53942d') in 0.025140 seconds 
========================================================================
Received Import Request.
  Time since last request: 12.869794 seconds.
  path: Assets/TestGame/Characters/Enemy.prefab
  artifactKey: Guid(7fd8bbff58a75a744bfaddc1ecdad5a1) Importer(815301076,1909f56bfc062723c751e8b465ee728b)
Start importing Assets/TestGame/Characters/Enemy.prefab using Guid(7fd8bbff58a75a744bfaddc1ecdad5a1) Importer(815301076,1909f56bfc062723c751e8b465ee728b)  -> (artifact id: '463957a74c7021fd30face2c9947f4d9') in 0.028443 seconds 
========================================================================
Received Import Request.
  Time since last request: 7.589355 seconds.
  path: Assets/TestGame/Characters/Enemy.prefab
  artifactKey: Guid(7fd8bbff58a75a744bfaddc1ecdad5a1) Importer(815301076,1909f56bfc062723c751e8b465ee728b)
Start importing Assets/TestGame/Characters/Enemy.prefab using Guid(7fd8bbff58a75a744bfaddc1ecdad5a1) Importer(815301076,1909f56bfc062723c751e8b465ee728b)  -> (artifact id: 'ea8b686f824438bdb19c0ae82332eda3') in 0.030762 seconds 
========================================================================
Received Import Request.
  Time since last request: 51.121413 seconds.
  path: Assets/TestGame/Characters/Enemy.prefab
  artifactKey: Guid(7fd8bbff58a75a744bfaddc1ecdad5a1) Importer(815301076,1909f56bfc062723c751e8b465ee728b)
Start importing Assets/TestGame/Characters/Enemy.prefab using Guid(7fd8bbff58a75a744bfaddc1ecdad5a1) Importer(815301076,1909f56bfc062723c751e8b465ee728b)  -> (artifact id: '1ca41bda2278061d05f50580b5ca65b8') in 0.026504 seconds 
========================================================================
Received Import Request.
  Time since last request: 13.262715 seconds.
  path: Assets/TestGame/Characters/Enemy.prefab
  artifactKey: Guid(7fd8bbff58a75a744bfaddc1ecdad5a1) Importer(815301076,1909f56bfc062723c751e8b465ee728b)
Start importing Assets/TestGame/Characters/Enemy.prefab using Guid(7fd8bbff58a75a744bfaddc1ecdad5a1) Importer(815301076,1909f56bfc062723c751e8b465ee728b)  -> (artifact id: '29a2aecc3346864a510479357404f171') in 0.032963 seconds 
========================================================================
Received Import Request.
  Time since last request: 28.275966 seconds.
  path: Assets/TestGame/Characters/Player.prefab
  artifactKey: Guid(35af512c01b3a634cb907136abfc2ab4) Importer(815301076,1909f56bfc062723c751e8b465ee728b)
Start importing Assets/TestGame/Characters/Player.prefab using Guid(35af512c01b3a634cb907136abfc2ab4) Importer(815301076,1909f56bfc062723c751e8b465ee728b)  -> (artifact id: '21720738c64c7fbdeba453e0a798456e') in 0.127022 seconds 
========================================================================
Received Import Request.
  Time since last request: 1.468515 seconds.
  path: Assets/TestGame/Characters/Player.prefab
  artifactKey: Guid(35af512c01b3a634cb907136abfc2ab4) Importer(815301076,1909f56bfc062723c751e8b465ee728b)
Start importing Assets/TestGame/Characters/Player.prefab using Guid(35af512c01b3a634cb907136abfc2ab4) Importer(815301076,1909f56bfc062723c751e8b465ee728b)  -> (artifact id: 'fdcb188e5bd4bc62499c47d3dfd6949f') in 0.031894 seconds 
========================================================================
Received Import Request.
  Time since last request: 2.113872 seconds.
  path: Assets/TestGame/Characters/Player.prefab
  artifactKey: Guid(35af512c01b3a634cb907136abfc2ab4) Importer(815301076,1909f56bfc062723c751e8b465ee728b)
Start importing Assets/TestGame/Characters/Player.prefab using Guid(35af512c01b3a634cb907136abfc2ab4) Importer(815301076,1909f56bfc062723c751e8b465ee728b)  -> (artifact id: '1ce9d6d3038d227612037190f186069d') in 0.025003 seconds 
========================================================================
Received Import Request.
  Time since last request: 13.962954 seconds.
  path: Assets/TestGame/Characters/Player.prefab
  artifactKey: Guid(35af512c01b3a634cb907136abfc2ab4) Importer(815301076,1909f56bfc062723c751e8b465ee728b)
Start importing Assets/TestGame/Characters/Player.prefab using Guid(35af512c01b3a634cb907136abfc2ab4) Importer(815301076,1909f56bfc062723c751e8b465ee728b)  -> (artifact id: '2e74760978d669a22074abb8e385ce2c') in 0.040844 seconds 
========================================================================
Received Import Request.
  Time since last request: 6.842864 seconds.
  path: Assets/TestGame/Characters/Player.prefab
  artifactKey: Guid(35af512c01b3a634cb907136abfc2ab4) Importer(815301076,1909f56bfc062723c751e8b465ee728b)
Start importing Assets/TestGame/Characters/Player.prefab using Guid(35af512c01b3a634cb907136abfc2ab4) Importer(815301076,1909f56bfc062723c751e8b465ee728b)  -> (artifact id: 'e4aa14089eeaef99bd125f26ceb6d9e0') in 0.031640 seconds 
========================================================================
Received Import Request.
  Time since last request: 4.817495 seconds.
  path: Assets/TestGame/Characters/Player.prefab
  artifactKey: Guid(35af512c01b3a634cb907136abfc2ab4) Importer(815301076,1909f56bfc062723c751e8b465ee728b)
Start importing Assets/TestGame/Characters/Player.prefab using Guid(35af512c01b3a634cb907136abfc2ab4) Importer(815301076,1909f56bfc062723c751e8b465ee728b)  -> (artifact id: 'ccdb2f86db2b225255a7b7da0a2fda4c') in 0.027635 seconds 
========================================================================
Received Import Request.
  Time since last request: 24.393557 seconds.
  path: Assets/TestGame/Characters/Player.prefab
  artifactKey: Guid(35af512c01b3a634cb907136abfc2ab4) Importer(815301076,1909f56bfc062723c751e8b465ee728b)
Start importing Assets/TestGame/Characters/Player.prefab using Guid(35af512c01b3a634cb907136abfc2ab4) Importer(815301076,1909f56bfc062723c751e8b465ee728b)  -> (artifact id: '4ea8031f6cb4154abd9e31d3f934b3eb') in 0.029776 seconds 
