Using pre-set license
Built from '2021.3/release' branch; Version is '2021.3.12f1 (8af3c3e441b1) revision 9106371'; Using compiler version '192829333'; Build Type 'Release'
OS: 'Windows 10  (10.0.19045) 64bit Professional' Language: 'ru' Physical Memory: 16319 MB
BatchMode: 1, IsHumanControllingUs: 0, StartBugReporterOnCrash: 0, Is64bit: 1, IsPro: 1

COMMAND LINE ARGUMENTS:
C:\Program Files\Unity\Hub\Editor\2021.3.12f1\Editor\Unity.exe
-adb2
-batchMode
-noUpm
-name
AssetImportWorker0
-projectPath
D:/folder/CSharp/Unity/RunningUnicorn
-logFile
Logs/AssetImportWorker0.log
-srvPort
64877
Successfully changed project path to: D:/folder/CSharp/Unity/RunningUnicorn
D:/folder/CSharp/Unity/RunningUnicorn
[UnityMemory] Configuration Parameters - Can be set up in boot.config
    "memorysetup-bucket-allocator-granularity=16"
    "memorysetup-bucket-allocator-bucket-count=8"
    "memorysetup-bucket-allocator-block-size=33554432"
    "memorysetup-bucket-allocator-block-count=8"
    "memorysetup-main-allocator-block-size=16777216"
    "memorysetup-thread-allocator-block-size=16777216"
    "memorysetup-gfx-main-allocator-block-size=16777216"
    "memorysetup-gfx-thread-allocator-block-size=16777216"
    "memorysetup-cache-allocator-block-size=4194304"
    "memorysetup-typetree-allocator-block-size=2097152"
    "memorysetup-profiler-bucket-allocator-granularity=16"
    "memorysetup-profiler-bucket-allocator-bucket-count=8"
    "memorysetup-profiler-bucket-allocator-block-size=33554432"
    "memorysetup-profiler-bucket-allocator-block-count=8"
    "memorysetup-profiler-allocator-block-size=16777216"
    "memorysetup-profiler-editor-allocator-block-size=1048576"
    "memorysetup-temp-allocator-size-main=16777216"
    "memorysetup-job-temp-allocator-block-size=2097152"
    "memorysetup-job-temp-allocator-block-size-background=1048576"
    "memorysetup-job-temp-allocator-reduction-small-platforms=262144"
    "memorysetup-temp-allocator-size-background-worker=32768"
    "memorysetup-temp-allocator-size-job-worker=262144"
    "memorysetup-temp-allocator-size-preload-manager=33554432"
    "memorysetup-temp-allocator-size-nav-mesh-worker=65536"
    "memorysetup-temp-allocator-size-audio-worker=65536"
    "memorysetup-temp-allocator-size-cloud-worker=32768"
    "memorysetup-temp-allocator-size-gi-baking-worker=262144"
    "memorysetup-temp-allocator-size-gfx=262144"
Refreshing native plugins compatible for Editor in 112.27 ms, found 4 plugins.
Preloading 0 native plugins for Editor in 0.00 ms.
Initialize engine version: 2021.3.12f1 (8af3c3e441b1)
[Subsystems] Discovering subsystems at path C:/Program Files/Unity/Hub/Editor/2021.3.12f1/Editor/Data/Resources/UnitySubsystems
[Subsystems] Discovering subsystems at path D:/folder/CSharp/Unity/RunningUnicorn/Assets
GfxDevice: creating device client; threaded=0; jobified=0
Direct3D:
    Version:  Direct3D 11.0 [level 11.1]
    Renderer: NVIDIA GeForce GTX 1660 SUPER (ID=0x21c4)
    Vendor:   NVIDIA
    VRAM:     5980 MB
    Driver:   31.0.15.3179
Initialize mono
Mono path[0] = 'C:/Program Files/Unity/Hub/Editor/2021.3.12f1/Editor/Data/Managed'
Mono path[1] = 'C:/Program Files/Unity/Hub/Editor/2021.3.12f1/Editor/Data/MonoBleedingEdge/lib/mono/unityjit-win32'
Mono config path = 'C:/Program Files/Unity/Hub/Editor/2021.3.12f1/Editor/Data/MonoBleedingEdge/etc'
Using monoOptions --debugger-agent=transport=dt_socket,embedding=1,server=y,suspend=n,address=127.0.0.1:56924
Begin MonoManager ReloadAssembly
Registering precompiled unity dll's ...
Register platform support module: C:/Program Files/Unity/Hub/Editor/2021.3.12f1/Editor/Data/PlaybackEngines/AndroidPlayer/UnityEditor.Android.Extensions.dll
Register platform support module: C:/Program Files/Unity/Hub/Editor/2021.3.12f1/Editor/Data/PlaybackEngines/WindowsStandaloneSupport/UnityEditor.WindowsStandalone.Extensions.dll
Registered in 0.005879 seconds.
Native extension for WindowsStandalone target not found
Native extension for Android target not found
Refreshing native plugins compatible for Editor in 111.75 ms, found 4 plugins.
Preloading 0 native plugins for Editor in 0.00 ms.
Mono: successfully reloaded assembly
- Completed reload, in  0.613 seconds
Domain Reload Profiling:
	ReloadAssembly (614ms)
		BeginReloadAssembly (61ms)
			ExecutionOrderSort (0ms)
			DisableScriptedObjects (0ms)
			BackupInstance (0ms)
			ReleaseScriptingObjects (0ms)
			CreateAndSetChildDomain (1ms)
		EndReloadAssembly (455ms)
			LoadAssemblies (60ms)
			RebuildTransferFunctionScriptingTraits (0ms)
			SetupTypeCache (98ms)
			ReleaseScriptCaches (0ms)
			RebuildScriptCaches (25ms)
			SetupLoadedEditorAssemblies (288ms)
				LogAssemblyErrors (0ms)
				InitializePlatformSupportModulesInManaged (48ms)
				SetLoadedEditorAssemblies (0ms)
				RefreshPlugins (112ms)
				BeforeProcessingInitializeOnLoad (1ms)
				ProcessInitializeOnLoadAttributes (87ms)
				ProcessInitializeOnLoadMethodAttributes (40ms)
				AfterProcessingInitializeOnLoad (0ms)
				EditorAssembliesLoaded (0ms)
			ExecutionOrderSort2 (0ms)
			AwakeInstancesAfterBackupRestoration (0ms)
Platform modules already initialized, skipping
Registering precompiled user dll's ...
Registered in 0.004026 seconds.
Begin MonoManager ReloadAssembly
Symbol file LoadedFromMemory doesn't match image D:\folder\CSharp\Unity\RunningUnicorn\Library\PackageCache\com.unity.visualscripting@1.7.8\Editor\VisualScripting.Core\Dependencies\YamlDotNet\Unity.VisualScripting.YamlDotNet.dll
Symbol file LoadedFromMemory doesn't match image D:\folder\CSharp\Unity\RunningUnicorn\Library\PackageCache\com.unity.visualscripting@1.7.8\Editor\VisualScripting.Core\Dependencies\DotNetZip\Unity.VisualScripting.IonicZip.dll
Native extension for WindowsStandalone target not found
Native extension for Android target not found
Refreshing native plugins compatible for Editor in 124.90 ms, found 4 plugins.
Preloading 0 native plugins for Editor in 0.00 ms.
Mono: successfully reloaded assembly
- Completed reload, in  1.466 seconds
Domain Reload Profiling:
	ReloadAssembly (1467ms)
		BeginReloadAssembly (213ms)
			ExecutionOrderSort (0ms)
			DisableScriptedObjects (5ms)
			BackupInstance (0ms)
			ReleaseScriptingObjects (0ms)
			CreateAndSetChildDomain (136ms)
		EndReloadAssembly (1144ms)
			LoadAssemblies (79ms)
			RebuildTransferFunctionScriptingTraits (0ms)
			SetupTypeCache (327ms)
			ReleaseScriptCaches (1ms)
			RebuildScriptCaches (68ms)
			SetupLoadedEditorAssemblies (626ms)
				LogAssemblyErrors (0ms)
				InitializePlatformSupportModulesInManaged (11ms)
				SetLoadedEditorAssemblies (0ms)
				RefreshPlugins (125ms)
				BeforeProcessingInitializeOnLoad (122ms)
				ProcessInitializeOnLoadAttributes (257ms)
				ProcessInitializeOnLoadMethodAttributes (104ms)
				AfterProcessingInitializeOnLoad (6ms)
				EditorAssembliesLoaded (0ms)
			ExecutionOrderSort2 (0ms)
			AwakeInstancesAfterBackupRestoration (4ms)
Platform modules already initialized, skipping
========================================================================
Worker process is ready to serve import requests
Launched and connected shader compiler UnityShaderCompiler.exe after 0.04 seconds
Refreshing native plugins compatible for Editor in 1.05 ms, found 4 plugins.
Preloading 0 native plugins for Editor in 0.00 ms.
Unloading 5917 Unused Serialized files (Serialized files now loaded: 0)
Unloading 71 unused Assets / (2.2 MB). Loaded Objects now: 6355.
Memory consumption went from 237.6 MB to 235.4 MB.
Total: 4.715500 ms (FindLiveObjects: 0.493000 ms CreateObjectMapping: 0.453800 ms MarkObjects: 2.785700 ms  DeleteObjects: 0.982100 ms)

AssetImportParameters requested are different than current active one (requested -> active):
  custom:video-decoder-ogg-theora: a1e56fd34408186e4bbccfd4996cb3dc -> 
  custom:container-muxer-webm: aa71ff27fc2769a1b78a27578f13a17b -> 
  custom:container-demuxer-webm: 4f35f7cbe854078d1ac9338744f61a02 -> 
  custom:video-encoder-webm-vp8: eb34c28f22e8b96e1ab97ce403110664 -> 
  custom:video-codec-MediaFoundation-h265: e54d7ab0439102e2317fc1e4b246158d -> 
  custom:audio-encoder-webm-vorbis: bf7c407c2cedff20999df2af8eb42d56 -> 
  custom:framework-win-MediaFoundation: 216162199b28c13a410421893ffa2e32 -> 
  custom:container-demuxer-ogg: 62fdf1f143b41e24485cea50d1cbac27 -> 
  custom:video-decoder-webm-vp8: 9c59270c3fd7afecdb556c50c9e8de78 -> 
  custom:audio-decoder-ogg-vorbis: bf7c407c2cedff20999df2af8eb42d56 -> 
========================================================================
Received Import Request.
  Time since last request: 244959.728976 seconds.
  path: Assets/Settings/UniversalRP.asset
  artifactKey: Guid(681886c5eb7344803b6206f758bf0b1c) Importer(815301076,1909f56bfc062723c751e8b465ee728b)
Start importing Assets/Settings/UniversalRP.asset using Guid(681886c5eb7344803b6206f758bf0b1c) Importer(815301076,1909f56bfc062723c751e8b465ee728b)  -> (artifact id: '361bc3d5f13dcf5e2215084dfc2b45ff') in 0.116920 seconds 
========================================================================
Received Import Request.
  Time since last request: 0.000022 seconds.
  path: Assets/TestGame/AudioMixer.mixer
  artifactKey: Guid(8b40b5cad40ea1344820d34b02edb883) Importer(815301076,1909f56bfc062723c751e8b465ee728b)
Start importing Assets/TestGame/AudioMixer.mixer using Guid(8b40b5cad40ea1344820d34b02edb883) Importer(815301076,1909f56bfc062723c751e8b465ee728b)  -> (artifact id: '925d2698bea4f4bff747c35da772e880') in 0.013026 seconds 
========================================================================
Received Import Request.
  Time since last request: 0.000023 seconds.
  path: Assets/TestGame/TestGame.unity
  artifactKey: Guid(8c9cfa26abfee488c85f1582747f6a02) Importer(815301076,1909f56bfc062723c751e8b465ee728b)
Start importing Assets/TestGame/TestGame.unity using Guid(8c9cfa26abfee488c85f1582747f6a02) Importer(815301076,1909f56bfc062723c751e8b465ee728b)  -> (artifact id: 'd589e2abcea08ae74aab5ef51b9421f0') in 0.012855 seconds 
========================================================================
Received Import Request.
  Time since last request: 671.150068 seconds.
  path: Assets/TestGame/VFX/Muzzle.prefab
  artifactKey: Guid(0d5c766eef271384bab79cf527f98264) Importer(815301076,1909f56bfc062723c751e8b465ee728b)
Start importing Assets/TestGame/VFX/Muzzle.prefab using Guid(0d5c766eef271384bab79cf527f98264) Importer(815301076,1909f56bfc062723c751e8b465ee728b)  -> (artifact id: '2bf684ffe763b9f36a31fda0d162f597') in 0.402688 seconds 
========================================================================
Received Import Request.
  Time since last request: 3.226018 seconds.
  path: Assets/TestGame/Sprites/arm_2.png
  artifactKey: Guid(327f2b71b32392045a55a195e9ddfe48) Importer(815301076,1909f56bfc062723c751e8b465ee728b)
Start importing Assets/TestGame/Sprites/arm_2.png using Guid(327f2b71b32392045a55a195e9ddfe48) Importer(815301076,1909f56bfc062723c751e8b465ee728b)  -> (artifact id: '6fa6b85004a33dce3a8c5f66b7ea585f') in 0.119508 seconds 
========================================================================
Received Import Request.
  Time since last request: 0.000023 seconds.
  path: Assets/TestGame/Sprites/pumpkin_4.png
  artifactKey: Guid(332c9da6d744a19479d8103e90f368c4) Importer(815301076,1909f56bfc062723c751e8b465ee728b)
Start importing Assets/TestGame/Sprites/pumpkin_4.png using Guid(332c9da6d744a19479d8103e90f368c4) Importer(815301076,1909f56bfc062723c751e8b465ee728b)  -> (artifact id: '21a707d7094a5265909ff970b4645f95') in 0.021630 seconds 
========================================================================
Received Import Request.
  Time since last request: 0.000034 seconds.
  path: Assets/TestGame/Sprites/field.png
  artifactKey: Guid(273b0a5ec7e02614983d816ac19971d7) Importer(815301076,1909f56bfc062723c751e8b465ee728b)
Start importing Assets/TestGame/Sprites/field.png using Guid(273b0a5ec7e02614983d816ac19971d7) Importer(815301076,1909f56bfc062723c751e8b465ee728b)  -> (artifact id: 'f8abee8cb5af46f2f020aa5fa00d446b') in 0.025397 seconds 
========================================================================
Received Import Request.
  Time since last request: 0.000025 seconds.
  path: Assets/TestGame/Sprites/bush_2.png
  artifactKey: Guid(cfb698f41a36b3e4a901256a66f3d0c0) Importer(815301076,1909f56bfc062723c751e8b465ee728b)
Start importing Assets/TestGame/Sprites/bush_2.png using Guid(cfb698f41a36b3e4a901256a66f3d0c0) Importer(815301076,1909f56bfc062723c751e8b465ee728b)  -> (artifact id: '897e5355d86a33ac63f2e7558f362e40') in 0.033012 seconds 
========================================================================
Received Import Request.
  Time since last request: 0.000020 seconds.
  path: Assets/TestGame/Sprites/grass.png
  artifactKey: Guid(f3fb1060434702347aa399938ad7c91e) Importer(815301076,1909f56bfc062723c751e8b465ee728b)
Start importing Assets/TestGame/Sprites/grass.png using Guid(f3fb1060434702347aa399938ad7c91e) Importer(815301076,1909f56bfc062723c751e8b465ee728b)  -> (artifact id: '9178ec7b78aab1de4a7e8a6709e57177') in 0.031286 seconds 
========================================================================
Received Import Request.
  Time since last request: 0.000023 seconds.
  path: Assets/TestGame/Sprites/post.png
  artifactKey: Guid(92944e058e71bf2468f34bfb4fb5876f) Importer(815301076,1909f56bfc062723c751e8b465ee728b)
Start importing Assets/TestGame/Sprites/post.png using Guid(92944e058e71bf2468f34bfb4fb5876f) Importer(815301076,1909f56bfc062723c751e8b465ee728b)  -> (artifact id: 'c45e229039f825e54c1f0229b8ab3bb6') in 0.040014 seconds 
========================================================================
Received Import Request.
  Time since last request: 0.000026 seconds.
  path: Assets/TestGame/Sprites/fence_2.png
  artifactKey: Guid(4265dd482476bd34894f8acf97a4e365) Importer(815301076,1909f56bfc062723c751e8b465ee728b)
Start importing Assets/TestGame/Sprites/fence_2.png using Guid(4265dd482476bd34894f8acf97a4e365) Importer(815301076,1909f56bfc062723c751e8b465ee728b)  -> (artifact id: 'ce83a105aab036a17f88fd3c42979515') in 0.026116 seconds 
========================================================================
Received Import Request.
  Time since last request: 0.000027 seconds.
  path: Assets/TestGame/Sprites/bunch_2.png
  artifactKey: Guid(1b419caecc927e1489fa6125af9f42c0) Importer(815301076,1909f56bfc062723c751e8b465ee728b)
Start importing Assets/TestGame/Sprites/bunch_2.png using Guid(1b419caecc927e1489fa6125af9f42c0) Importer(815301076,1909f56bfc062723c751e8b465ee728b)  -> (artifact id: 'ac4ea5aa3c3d2e53fdcad56f95e85876') in 0.024219 seconds 
========================================================================
Received Import Request.
  Time since last request: 0.000030 seconds.
  path: Assets/TestGame/Sprites/pattern 1.png
  artifactKey: Guid(681953599a3e5d943825bd169a32e8c8) Importer(815301076,1909f56bfc062723c751e8b465ee728b)
Start importing Assets/TestGame/Sprites/pattern 1.png using Guid(681953599a3e5d943825bd169a32e8c8) Importer(815301076,1909f56bfc062723c751e8b465ee728b)  -> (artifact id: '4883d6ec647195f9c1de3697718219a0') in 0.058424 seconds 
========================================================================
Received Import Request.
  Time since last request: 0.000032 seconds.
  path: Assets/TestGame/Sprites/cloud_1.png
  artifactKey: Guid(1ad48a08b6a117c4081dfd50933a000b) Importer(815301076,1909f56bfc062723c751e8b465ee728b)
Start importing Assets/TestGame/Sprites/cloud_1.png using Guid(1ad48a08b6a117c4081dfd50933a000b) Importer(815301076,1909f56bfc062723c751e8b465ee728b)  -> (artifact id: '98d171d0e9e1d549fbe9085af963ab81') in 0.019014 seconds 
========================================================================
Received Import Request.
  Time since last request: 0.000025 seconds.
  path: Assets/TestGame/Sprites/fog_4.png
  artifactKey: Guid(4bb8cb120b4369943be21b81378e7b0a) Importer(815301076,1909f56bfc062723c751e8b465ee728b)
Start importing Assets/TestGame/Sprites/fog_4.png using Guid(4bb8cb120b4369943be21b81378e7b0a) Importer(815301076,1909f56bfc062723c751e8b465ee728b)  -> (artifact id: 'c9dcad7ca4814954a11dd1b6f28557a2') in 0.037333 seconds 
========================================================================
Received Import Request.
  Time since last request: 0.000058 seconds.
  path: Assets/TestGame/Sprites/grid_1.png
  artifactKey: Guid(3e4512ef00d4aea40b7c1a489ea9a119) Importer(815301076,1909f56bfc062723c751e8b465ee728b)
Start importing Assets/TestGame/Sprites/grid_1.png using Guid(3e4512ef00d4aea40b7c1a489ea9a119) Importer(815301076,1909f56bfc062723c751e8b465ee728b)  -> (artifact id: 'fe99ac82b2b63a01c713d92b5ab94b7d') in 0.019509 seconds 
========================================================================
Received Import Request.
  Time since last request: 0.000025 seconds.
  path: Assets/TestGame/Sprites/crypt.png
  artifactKey: Guid(40b9baa1c16c7e048a7113855d9cd6f8) Importer(815301076,1909f56bfc062723c751e8b465ee728b)
Start importing Assets/TestGame/Sprites/crypt.png using Guid(40b9baa1c16c7e048a7113855d9cd6f8) Importer(815301076,1909f56bfc062723c751e8b465ee728b)  -> (artifact id: 'c595f63d25afe314b6ad7c8b6a92fa21') in 0.035654 seconds 
========================================================================
Received Import Request.
  Time since last request: 0.000021 seconds.
  path: Assets/TestGame/Sprites/pumpkins_losa_1.png
  artifactKey: Guid(18e4ad89f2724b94484326a1f26485e8) Importer(815301076,1909f56bfc062723c751e8b465ee728b)
Start importing Assets/TestGame/Sprites/pumpkins_losa_1.png using Guid(18e4ad89f2724b94484326a1f26485e8) Importer(815301076,1909f56bfc062723c751e8b465ee728b)  -> (artifact id: '07a7c4d87b2c71b4c453310ead849f32') in 0.018520 seconds 
========================================================================
Received Import Request.
  Time since last request: 0.000020 seconds.
  path: Assets/TestGame/Sprites/grave_4.png
  artifactKey: Guid(d38af4b04c0def24dbf937ca2c6e31f6) Importer(815301076,1909f56bfc062723c751e8b465ee728b)
Start importing Assets/TestGame/Sprites/grave_4.png using Guid(d38af4b04c0def24dbf937ca2c6e31f6) Importer(815301076,1909f56bfc062723c751e8b465ee728b)  -> (artifact id: 'fcf4862c87ed165c5034b0821a371623') in 0.021050 seconds 
========================================================================
Received Import Request.
  Time since last request: 0.000023 seconds.
  path: Assets/TestGame/Sprites/grave_7.png
  artifactKey: Guid(04bba027fce208a4c9b2bb01c5c7991c) Importer(815301076,1909f56bfc062723c751e8b465ee728b)
Start importing Assets/TestGame/Sprites/grave_7.png using Guid(04bba027fce208a4c9b2bb01c5c7991c) Importer(815301076,1909f56bfc062723c751e8b465ee728b)  -> (artifact id: 'a52e75bbcd5f8dc7ea3d831c29d06f4d') in 0.025096 seconds 
========================================================================
Received Import Request.
  Time since last request: 0.000032 seconds.
  path: Assets/TestGame/Sprites/night_sky.png
  artifactKey: Guid(54339ad24e596644c83d4e2e9522f420) Importer(815301076,1909f56bfc062723c751e8b465ee728b)
Start importing Assets/TestGame/Sprites/night_sky.png using Guid(54339ad24e596644c83d4e2e9522f420) Importer(815301076,1909f56bfc062723c751e8b465ee728b)  -> (artifact id: 'e426aaa60f8ea1a00275fef2f34394d9') in 0.019632 seconds 
========================================================================
Received Import Request.
  Time since last request: 0.000039 seconds.
  path: Assets/TestGame/Sprites/cloud_2.png
  artifactKey: Guid(95b6c5cffc9ec9f488436592a09276ad) Importer(815301076,1909f56bfc062723c751e8b465ee728b)
Start importing Assets/TestGame/Sprites/cloud_2.png using Guid(95b6c5cffc9ec9f488436592a09276ad) Importer(815301076,1909f56bfc062723c751e8b465ee728b)  -> (artifact id: '70040fec558fb9327fb7558b9a64320c') in 0.019745 seconds 
========================================================================
Received Import Request.
  Time since last request: 0.000027 seconds.
  path: Assets/TestGame/Sprites/bunch_1.png
  artifactKey: Guid(ae31feb2714f2fb4d8ab7f0bc25da37b) Importer(815301076,1909f56bfc062723c751e8b465ee728b)
Start importing Assets/TestGame/Sprites/bunch_1.png using Guid(ae31feb2714f2fb4d8ab7f0bc25da37b) Importer(815301076,1909f56bfc062723c751e8b465ee728b)  -> (artifact id: 'fc20558e7fdc2d07274a760067025836') in 0.017466 seconds 
========================================================================
Received Import Request.
  Time since last request: 0.000024 seconds.
  path: Assets/TestGame/Sprites/flashlight.png
  artifactKey: Guid(90bd79476ff413f43a016d802f4a28a2) Importer(815301076,1909f56bfc062723c751e8b465ee728b)
Start importing Assets/TestGame/Sprites/flashlight.png using Guid(90bd79476ff413f43a016d802f4a28a2) Importer(815301076,1909f56bfc062723c751e8b465ee728b)  -> (artifact id: '27d3b86db7209a8fe5f952cfa2099a51') in 0.020647 seconds 
========================================================================
Received Import Request.
  Time since last request: 0.000024 seconds.
  path: Assets/TestGame/Sprites/grass_decor_1.png
  artifactKey: Guid(8e80352b2b799194cb7dd95637c93ee9) Importer(815301076,1909f56bfc062723c751e8b465ee728b)
Start importing Assets/TestGame/Sprites/grass_decor_1.png using Guid(8e80352b2b799194cb7dd95637c93ee9) Importer(815301076,1909f56bfc062723c751e8b465ee728b)  -> (artifact id: '5059afa3779568b18262e469a374a316') in 0.017631 seconds 
========================================================================
Received Import Request.
  Time since last request: 0.000027 seconds.
  path: Assets/TestGame/Sprites/scarecrow.png
  artifactKey: Guid(26193ce967f32494c976c57f3a213e1d) Importer(815301076,1909f56bfc062723c751e8b465ee728b)
Start importing Assets/TestGame/Sprites/scarecrow.png using Guid(26193ce967f32494c976c57f3a213e1d) Importer(815301076,1909f56bfc062723c751e8b465ee728b)  -> (artifact id: '190726dbf4cd9d3b793dc3702dfc84cc') in 0.025636 seconds 
========================================================================
Received Import Request.
  Time since last request: 0.000027 seconds.
  path: Assets/TestGame/Sprites/tree_1.png
  artifactKey: Guid(a9c6c9e9e090c35479d7651f8f16cb02) Importer(815301076,1909f56bfc062723c751e8b465ee728b)
Start importing Assets/TestGame/Sprites/tree_1.png using Guid(a9c6c9e9e090c35479d7651f8f16cb02) Importer(815301076,1909f56bfc062723c751e8b465ee728b)  -> (artifact id: 'b08d51dbe8c28c85787ee7ea47ff9594') in 0.039368 seconds 
========================================================================
Received Import Request.
  Time since last request: 0.000021 seconds.
  path: Assets/TestGame/Sprites/grid_2.png
  artifactKey: Guid(d141668437d0e50439a4b13d46942f65) Importer(815301076,1909f56bfc062723c751e8b465ee728b)
Start importing Assets/TestGame/Sprites/grid_2.png using Guid(d141668437d0e50439a4b13d46942f65) Importer(815301076,1909f56bfc062723c751e8b465ee728b)  -> (artifact id: '8b336cd386a0f4f7e4aa95815888e4f9') in 0.016710 seconds 
========================================================================
Received Import Request.
  Time since last request: 0.000025 seconds.
  path: Assets/TestGame/Sprites/Back2.png
  artifactKey: Guid(940b4d7d83c61aa468d21c7ba377b6ce) Importer(815301076,1909f56bfc062723c751e8b465ee728b)
Start importing Assets/TestGame/Sprites/Back2.png using Guid(940b4d7d83c61aa468d21c7ba377b6ce) Importer(815301076,1909f56bfc062723c751e8b465ee728b)  -> (artifact id: 'c6a5d298b2eeb8f7bbbdbbcb7a390589') in 0.047955 seconds 
========================================================================
Received Import Request.
  Time since last request: 0.000038 seconds.
  path: Assets/TestGame/Sprites/Back1.png
  artifactKey: Guid(3d917f3014cdd92458311bb04a631a83) Importer(815301076,1909f56bfc062723c751e8b465ee728b)
Start importing Assets/TestGame/Sprites/Back1.png using Guid(3d917f3014cdd92458311bb04a631a83) Importer(815301076,1909f56bfc062723c751e8b465ee728b)  -> (artifact id: 'aebe7422ac0d5574aa62050de8fd0eb8') in 0.045917 seconds 
========================================================================
Received Import Request.
  Time since last request: 0.000025 seconds.
  path: Assets/TestGame/Sprites/fog_6.png
  artifactKey: Guid(98cbe00f486dfa54699b8ee0349e11e0) Importer(815301076,1909f56bfc062723c751e8b465ee728b)
Start importing Assets/TestGame/Sprites/fog_6.png using Guid(98cbe00f486dfa54699b8ee0349e11e0) Importer(815301076,1909f56bfc062723c751e8b465ee728b)  -> (artifact id: '06404b5cfc4b4b18c4c2a53bb4840bf7') in 0.033007 seconds 
========================================================================
Received Import Request.
  Time since last request: 0.000056 seconds.
  path: Assets/TestGame/Sprites/arm_3.png
  artifactKey: Guid(488142426b1dfe74987c0e2934ef949d) Importer(815301076,1909f56bfc062723c751e8b465ee728b)
Start importing Assets/TestGame/Sprites/arm_3.png using Guid(488142426b1dfe74987c0e2934ef949d) Importer(815301076,1909f56bfc062723c751e8b465ee728b)  -> (artifact id: '505f3bcdd0fcfbc814ba7e0c02c8d544') in 0.018724 seconds 
========================================================================
Received Import Request.
  Time since last request: 0.000048 seconds.
  path: Assets/TestGame/Sprites/bush.png
  artifactKey: Guid(a417bb066155a8848bf5f4d98778bbf5) Importer(815301076,1909f56bfc062723c751e8b465ee728b)
Start importing Assets/TestGame/Sprites/bush.png using Guid(a417bb066155a8848bf5f4d98778bbf5) Importer(815301076,1909f56bfc062723c751e8b465ee728b)  -> (artifact id: 'be20e7bb770dd39020505d66f31bd298') in 0.036186 seconds 
========================================================================
Received Import Request.
  Time since last request: 2.625694 seconds.
  path: Assets/TestGame/Characters/Player.prefab
  artifactKey: Guid(35af512c01b3a634cb907136abfc2ab4) Importer(815301076,1909f56bfc062723c751e8b465ee728b)
Start importing Assets/TestGame/Characters/Player.prefab using Guid(35af512c01b3a634cb907136abfc2ab4) Importer(815301076,1909f56bfc062723c751e8b465ee728b)  -> (artifact id: '60de3d9f60be394ecd11615112e9843c') in 0.251103 seconds 
